# JRE version: OpenJDK Runtime Environment OpenLogic-OpenJDK (17.0.16+8) (build 17.0.16+8-adhoc..jdk17u)
# Java VM: OpenJDK 64-Bit Server VM OpenLogic-OpenJDK (17.0.16+8-adhoc..jdk17u, mixed mode, sharing, tiered, compressed oops, compressed class ptrs, parallel gc, windows-amd64)
GC Precious Log:
 CPUs: 4 total, 4 available
 Memory: 16242M
 Large Page Support: Disabled
 NUMA Support: Disabled
 Compressed Oops: Enabled (Zero based)
 Alignments: Space 512K, Generation 512K, Heap 2M
 Heap Min Capacity: 8M
 Heap Initial Capacity: 254M
 Heap Max Capacity: 4G
 Pre-touch: Disabled
 Parallel Workers: 4
Heap:
 PSYoungGen      total 121344K, used 65737K [0x00000007aab00000, 0x00000007b4400000, 0x0000000800000000)
  eden space 93696K, 40% used [0x00000007aab00000,0x00000007ad034328,0x00000007b0680000)
  from space 27648K, 99% used [0x00000007b2900000,0x00000007b43fe3a0,0x00000007b4400000)
  to   space 25600K, 0% used [0x00000007b0680000,0x00000007b0680000,0x00000007b1f80000)
 ParOldGen       total 292352K, used 187414K [0x0000000700000000, 0x0000000711d80000, 0x00000007aab00000)
  object space 292352K, 64% used [0x0000000700000000,0x000000070b705840,0x0000000711d80000)
 Metaspace       used 106812K, committed 108416K, reserved 557056K
  class space    used 14934K, committed 15680K, reserved 425984K
GC Heap History (20 events):
Event: 102.476 GC heap before
{Heap before GC invocations=45 (full 4):
 PSYoungGen      total 95232K, used 88980K [0x00000007aab00000, 0x00000007b1700000, 0x0000000800000000)
  eden space 80896K, 100% used [0x00000007aab00000,0x00000007afa00000,0x00000007afa00000)
  from space 14336K, 56% used [0x00000007b0900000,0x00000007b10e53d0,0x00000007b1700000)
  to   space 14848K, 0% used [0x00000007afa00000,0x00000007afa00000,0x00000007b0880000)
 ParOldGen       total 173568K, used 150257K [0x0000000700000000, 0x000000070a980000, 0x00000007aab00000)
  object space 173568K, 86% used [0x0000000700000000,0x00000007092bc520,0x000000070a980000)
 Metaspace       used 104872K, committed 106176K, reserved 557056K
  class space    used 14668K, committed 15232K, reserved 425984K
}
Event: 102.485 GC heap after
{Heap after GC invocations=45 (full 4):
 PSYoungGen      total 83456K, used 4416K [0x00000007aab00000, 0x00000007b1400000, 0x0000000800000000)
  eden space 78848K, 0% used [0x00000007aab00000,0x00000007aab00000,0x00000007af800000)
  from space 4608K, 95% used [0x00000007afa00000,0x00000007afe50060,0x00000007afe80000)
  to   space 14336K, 0% used [0x00000007b0600000,0x00000007b0600000,0x00000007b1400000)
 ParOldGen       total 173568K, used 155607K [0x0000000700000000, 0x000000070a980000, 0x00000007aab00000)
  object space 173568K, 89% used [0x0000000700000000,0x00000007097f5d68,0x000000070a980000)
 Metaspace       used 104872K, committed 106176K, reserved 557056K
  class space    used 14668K, committed 15232K, reserved 425984K
}
Event: 104.269 GC heap before
{Heap before GC invocations=46 (full 4):
 PSYoungGen      total 83456K, used 83264K [0x00000007aab00000, 0x00000007b1400000, 0x0000000800000000)
  eden space 78848K, 100% used [0x00000007aab00000,0x00000007af800000,0x00000007af800000)
  from space 4608K, 95% used [0x00000007afa00000,0x00000007afe50060,0x00000007afe80000)
  to   space 14336K, 0% used [0x00000007b0600000,0x00000007b0600000,0x00000007b1400000)
 ParOldGen       total 173568K, used 155607K [0x0000000700000000, 0x000000070a980000, 0x00000007aab00000)
  object space 173568K, 89% used [0x0000000700000000,0x00000007097f5d68,0x000000070a980000)
 Metaspace       used 105621K, committed 107072K, reserved 557056K
  class space    used 14772K, committed 15424K, reserved 425984K
}
Event: 104.283 GC heap after
{Heap after GC invocations=46 (full 4):
 PSYoungGen      total 91136K, used 14232K [0x00000007aab00000, 0x00000007b1600000, 0x0000000800000000)
  eden space 76800K, 0% used [0x00000007aab00000,0x00000007aab00000,0x00000007af600000)
  from space 14336K, 99% used [0x00000007b0600000,0x00000007b13e62c8,0x00000007b1400000)
  to   space 16384K, 0% used [0x00000007af600000,0x00000007af600000,0x00000007b0600000)
 ParOldGen       total 173568K, used 157343K [0x0000000700000000, 0x000000070a980000, 0x00000007aab00000)
  object space 173568K, 90% used [0x0000000700000000,0x00000007099a7dc8,0x000000070a980000)
 Metaspace       used 105621K, committed 107072K, reserved 557056K
  class space    used 14772K, committed 15424K, reserved 425984K
}
Event: 105.291 GC heap before
{Heap before GC invocations=47 (full 4):
 PSYoungGen      total 91136K, used 91032K [0x00000007aab00000, 0x00000007b1600000, 0x0000000800000000)
  eden space 76800K, 100% used [0x00000007aab00000,0x00000007af600000,0x00000007af600000)
  from space 14336K, 99% used [0x00000007b0600000,0x00000007b13e62c8,0x00000007b1400000)
  to   space 16384K, 0% used [0x00000007af600000,0x00000007af600000,0x00000007b0600000)
 ParOldGen       total 173568K, used 157343K [0x0000000700000000, 0x000000070a980000, 0x00000007aab00000)
  object space 173568K, 90% used [0x0000000700000000,0x00000007099a7dc8,0x000000070a980000)
 Metaspace       used 105622K, committed 107072K, reserved 557056K
  class space    used 14772K, committed 15424K, reserved 425984K
}
Event: 105.305 GC heap after
{Heap after GC invocations=47 (full 4):
 PSYoungGen      total 93184K, used 4149K [0x00000007aab00000, 0x00000007b2680000, 0x0000000800000000)
  eden space 76800K, 0% used [0x00000007aab00000,0x00000007aab00000,0x00000007af600000)
  from space 16384K, 25% used [0x00000007af600000,0x00000007afa0d400,0x00000007b0600000)
  to   space 16384K, 0% used [0x00000007b1680000,0x00000007b1680000,0x00000007b2680000)
 ParOldGen       total 173568K, used 168909K [0x0000000700000000, 0x000000070a980000, 0x00000007aab00000)
  object space 173568K, 97% used [0x0000000700000000,0x000000070a4f3588,0x000000070a980000)
 Metaspace       used 105622K, committed 107072K, reserved 557056K
  class space    used 14772K, committed 15424K, reserved 425984K
}
Event: 106.333 GC heap before
{Heap before GC invocations=48 (full 5):
 PSYoungGen      total 93184K, used 80474K [0x00000007aab00000, 0x00000007b2680000, 0x0000000800000000)
  eden space 76800K, 99% used [0x00000007aab00000,0x00000007af5894d8,0x00000007af600000)
  from space 16384K, 25% used [0x00000007af600000,0x00000007afa0d400,0x00000007b0600000)
  to   space 16384K, 0% used [0x00000007b1680000,0x00000007b1680000,0x00000007b2680000)
 ParOldGen       total 173568K, used 168909K [0x0000000700000000, 0x000000070a980000, 0x00000007aab00000)
  object space 173568K, 97% used [0x0000000700000000,0x000000070a4f3588,0x000000070a980000)
 Metaspace       used 105739K, committed 107200K, reserved 557056K
  class space    used 14788K, committed 15488K, reserved 425984K
}
Event: 106.682 GC heap after
{Heap after GC invocations=48 (full 5):
 PSYoungGen      total 88576K, used 0K [0x00000007aab00000, 0x00000007b1c00000, 0x0000000800000000)
  eden space 82944K, 0% used [0x00000007aab00000,0x00000007aab00000,0x00000007afc00000)
  from space 5632K, 0% used [0x00000007b1680000,0x00000007b1680000,0x00000007b1c00000)
  to   space 16384K, 0% used [0x00000007afc00000,0x00000007afc00000,0x00000007b0c00000)
 ParOldGen       total 292352K, used 171746K [0x0000000700000000, 0x0000000711d80000, 0x00000007aab00000)
  object space 292352K, 58% used [0x0000000700000000,0x000000070a7b8948,0x0000000711d80000)
 Metaspace       used 105739K, committed 107200K, reserved 557056K
  class space    used 14788K, committed 15488K, reserved 425984K
}
Event: 108.524 GC heap before
{Heap before GC invocations=49 (full 5):
 PSYoungGen      total 88576K, used 82944K [0x00000007aab00000, 0x00000007b1c00000, 0x0000000800000000)
  eden space 82944K, 100% used [0x00000007aab00000,0x00000007afc00000,0x00000007afc00000)
  from space 5632K, 0% used [0x00000007b1680000,0x00000007b1680000,0x00000007b1c00000)
  to   space 16384K, 0% used [0x00000007afc00000,0x00000007afc00000,0x00000007b0c00000)
 ParOldGen       total 292352K, used 171746K [0x0000000700000000, 0x0000000711d80000, 0x00000007aab00000)
  object space 292352K, 58% used [0x0000000700000000,0x000000070a7b8948,0x0000000711d80000)
 Metaspace       used 106112K, committed 107648K, reserved 557056K
  class space    used 14837K, committed 15552K, reserved 425984K
}
Event: 108.535 GC heap after
{Heap after GC invocations=49 (full 5):
 PSYoungGen      total 99328K, used 14521K [0x00000007aab00000, 0x00000007b2500000, 0x0000000800000000)
  eden space 82944K, 0% used [0x00000007aab00000,0x00000007aab00000,0x00000007afc00000)
  from space 16384K, 88% used [0x00000007afc00000,0x00000007b0a2e4d8,0x00000007b0c00000)
  to   space 17920K, 0% used [0x00000007b1380000,0x00000007b1380000,0x00000007b2500000)
 ParOldGen       total 292352K, used 171754K [0x0000000700000000, 0x0000000711d80000, 0x00000007aab00000)
  object space 292352K, 58% used [0x0000000700000000,0x000000070a7ba948,0x0000000711d80000)
 Metaspace       used 106112K, committed 107648K, reserved 557056K
  class space    used 14837K, committed 15552K, reserved 425984K
}
Event: 109.786 GC heap before
{Heap before GC invocations=50 (full 5):
 PSYoungGen      total 99328K, used 97465K [0x00000007aab00000, 0x00000007b2500000, 0x0000000800000000)
  eden space 82944K, 100% used [0x00000007aab00000,0x00000007afc00000,0x00000007afc00000)
  from space 16384K, 88% used [0x00000007afc00000,0x00000007b0a2e4d8,0x00000007b0c00000)
  to   space 17920K, 0% used [0x00000007b1380000,0x00000007b1380000,0x00000007b2500000)
 ParOldGen       total 292352K, used 171754K [0x0000000700000000, 0x0000000711d80000, 0x00000007aab00000)
  object space 292352K, 58% used [0x0000000700000000,0x000000070a7ba948,0x0000000711d80000)
 Metaspace       used 106112K, committed 107648K, reserved 557056K
  class space    used 14837K, committed 15552K, reserved 425984K
}
Event: 109.799 GC heap after
{Heap after GC invocations=50 (full 5):
 PSYoungGen      total 104960K, used 15707K [0x00000007aab00000, 0x00000007b2900000, 0x0000000800000000)
  eden space 87040K, 0% used [0x00000007aab00000,0x00000007aab00000,0x00000007b0000000)
  from space 17920K, 87% used [0x00000007b1380000,0x00000007b22d6e40,0x00000007b2500000)
  to   space 19968K, 0% used [0x00000007b0000000,0x00000007b0000000,0x00000007b1380000)
 ParOldGen       total 292352K, used 171754K [0x0000000700000000, 0x0000000711d80000, 0x00000007aab00000)
  object space 292352K, 58% used [0x0000000700000000,0x000000070a7ba948,0x0000000711d80000)
 Metaspace       used 106112K, committed 107648K, reserved 557056K
  class space    used 14837K, committed 15552K, reserved 425984K
}
Event: 111.750 GC heap before
{Heap before GC invocations=51 (full 5):
 PSYoungGen      total 104960K, used 102737K [0x00000007aab00000, 0x00000007b2900000, 0x0000000800000000)
  eden space 87040K, 99% used [0x00000007aab00000,0x00000007afffd6c0,0x00000007b0000000)
  from space 17920K, 87% used [0x00000007b1380000,0x00000007b22d6e40,0x00000007b2500000)
  to   space 19968K, 0% used [0x00000007b0000000,0x00000007b0000000,0x00000007b1380000)
 ParOldGen       total 292352K, used 171754K [0x0000000700000000, 0x0000000711d80000, 0x00000007aab00000)
  object space 292352K, 58% used [0x0000000700000000,0x000000070a7ba948,0x0000000711d80000)
 Metaspace       used 106290K, committed 107776K, reserved 557056K
  class space    used 14863K, committed 15552K, reserved 425984K
}
Event: 111.769 GC heap after
{Heap after GC invocations=51 (full 5):
 PSYoungGen      total 107008K, used 19939K [0x00000007aab00000, 0x00000007b3880000, 0x0000000800000000)
  eden space 87040K, 0% used [0x00000007aab00000,0x00000007aab00000,0x00000007b0000000)
  from space 19968K, 99% used [0x00000007b0000000,0x00000007b1378f00,0x00000007b1380000)
  to   space 25600K, 0% used [0x00000007b1f80000,0x00000007b1f80000,0x00000007b3880000)
 ParOldGen       total 292352K, used 178256K [0x0000000700000000, 0x0000000711d80000, 0x00000007aab00000)
  object space 292352K, 60% used [0x0000000700000000,0x000000070ae14308,0x0000000711d80000)
 Metaspace       used 106290K, committed 107776K, reserved 557056K
  class space    used 14863K, committed 15552K, reserved 425984K
}
Event: 112.871 GC heap before
{Heap before GC invocations=52 (full 5):
 PSYoungGen      total 107008K, used 106979K [0x00000007aab00000, 0x00000007b3880000, 0x0000000800000000)
  eden space 87040K, 100% used [0x00000007aab00000,0x00000007b0000000,0x00000007b0000000)
  from space 19968K, 99% used [0x00000007b0000000,0x00000007b1378f00,0x00000007b1380000)
  to   space 25600K, 0% used [0x00000007b1f80000,0x00000007b1f80000,0x00000007b3880000)
 ParOldGen       total 292352K, used 178256K [0x0000000700000000, 0x0000000711d80000, 0x00000007aab00000)
  object space 292352K, 60% used [0x0000000700000000,0x000000070ae14308,0x0000000711d80000)
 Metaspace       used 106399K, committed 107968K, reserved 557056K
  class space    used 14880K, committed 15616K, reserved 425984K
}
Event: 112.895 GC heap after
{Heap after GC invocations=52 (full 5):
 PSYoungGen      total 119296K, used 14248K [0x00000007aab00000, 0x00000007b3980000, 0x0000000800000000)
  eden space 93696K, 0% used [0x00000007aab00000,0x00000007aab00000,0x00000007b0680000)
  from space 25600K, 55% used [0x00000007b1f80000,0x00000007b2d6a2f8,0x00000007b3880000)
  to   space 25600K, 0% used [0x00000007b0680000,0x00000007b0680000,0x00000007b1f80000)
 ParOldGen       total 292352K, used 186057K [0x0000000700000000, 0x0000000711d80000, 0x00000007aab00000)
  object space 292352K, 63% used [0x0000000700000000,0x000000070b5b2448,0x0000000711d80000)
 Metaspace       used 106399K, committed 107968K, reserved 557056K
  class space    used 14880K, committed 15616K, reserved 425984K
}
Event: 114.643 GC heap before
{Heap before GC invocations=53 (full 5):
 PSYoungGen      total 119296K, used 107944K [0x00000007aab00000, 0x00000007b3980000, 0x0000000800000000)
  eden space 93696K, 100% used [0x00000007aab00000,0x00000007b0680000,0x00000007b0680000)
  from space 25600K, 55% used [0x00000007b1f80000,0x00000007b2d6a2f8,0x00000007b3880000)
  to   space 25600K, 0% used [0x00000007b0680000,0x00000007b0680000,0x00000007b1f80000)
 ParOldGen       total 292352K, used 186057K [0x0000000700000000, 0x0000000711d80000, 0x00000007aab00000)
  object space 292352K, 63% used [0x0000000700000000,0x000000070b5b2448,0x0000000711d80000)
 Metaspace       used 106566K, committed 108096K, reserved 557056K
  class space    used 14901K, committed 15616K, reserved 425984K
}
Event: 114.656 GC heap after
{Heap after GC invocations=53 (full 5):
 PSYoungGen      total 119296K, used 20830K [0x00000007aab00000, 0x00000007b4400000, 0x0000000800000000)
  eden space 93696K, 0% used [0x00000007aab00000,0x00000007aab00000,0x00000007b0680000)
  from space 25600K, 81% used [0x00000007b0680000,0x00000007b1ad7898,0x00000007b1f80000)
  to   space 27648K, 0% used [0x00000007b2900000,0x00000007b2900000,0x00000007b4400000)
 ParOldGen       total 292352K, used 186065K [0x0000000700000000, 0x0000000711d80000, 0x00000007aab00000)
  object space 292352K, 63% used [0x0000000700000000,0x000000070b5b4448,0x0000000711d80000)
 Metaspace       used 106566K, committed 108096K, reserved 557056K
  class space    used 14901K, committed 15616K, reserved 425984K
}
Event: 116.050 GC heap before
{Heap before GC invocations=54 (full 5):
 PSYoungGen      total 119296K, used 114526K [0x00000007aab00000, 0x00000007b4400000, 0x0000000800000000)
  eden space 93696K, 100% used [0x00000007aab00000,0x00000007b0680000,0x00000007b0680000)
  from space 25600K, 81% used [0x00000007b0680000,0x00000007b1ad7898,0x00000007b1f80000)
  to   space 27648K, 0% used [0x00000007b2900000,0x00000007b2900000,0x00000007b4400000)
 ParOldGen       total 292352K, used 186065K [0x0000000700000000, 0x0000000711d80000, 0x00000007aab00000)
  object space 292352K, 63% used [0x0000000700000000,0x000000070b5b4448,0x0000000711d80000)
 Metaspace       used 106734K, committed 108288K, reserved 557056K
  class space    used 14925K, committed 15680K, reserved 425984K
}
Event: 116.074 GC heap after
{Heap after GC invocations=54 (full 5):
 PSYoungGen      total 121344K, used 27640K [0x00000007aab00000, 0x00000007b4400000, 0x0000000800000000)
  eden space 93696K, 0% used [0x00000007aab00000,0x00000007aab00000,0x00000007b0680000)
  from space 27648K, 99% used [0x00000007b2900000,0x00000007b43fe3a0,0x00000007b4400000)
  to   space 25600K, 0% used [0x00000007b0680000,0x00000007b0680000,0x00000007b1f80000)
 ParOldGen       total 292352K, used 187414K [0x0000000700000000, 0x0000000711d80000, 0x00000007aab00000)
  object space 292352K, 64% used [0x0000000700000000,0x000000070b705840,0x0000000711d80000)
 Metaspace       used 106734K, committed 108288K, reserved 557056K
  class space    used 14925K, committed 15680K, reserved 425984K
}

