# JRE version: OpenJDK Runtime Environment OpenLogic-OpenJDK (17.0.16+8) (build 17.0.16+8-adhoc..jdk17u)
# Java VM: OpenJDK 64-Bit Server VM OpenLogic-OpenJDK (17.0.16+8-adhoc..jdk17u, mixed mode, sharing, tiered, compressed oops, compressed class ptrs, parallel gc, windows-amd64)
GC Precious Log:
 CPUs: 4 total, 4 available
 Memory: 16242M
 Large Page Support: Disabled
 NUMA Support: Disabled
 Compressed Oops: Enabled (Zero based)
 Alignments: Space 512K, Generation 512K, Heap 2M
 Heap Min Capacity: 8M
 Heap Initial Capacity: 254M
 Heap Max Capacity: 4G
 Pre-touch: Disabled
 Parallel Workers: 4
Heap:
 PSYoungGen      total 119296K, used 99001K [0x00000007aab00000, 0x00000007b5e00000, 0x0000000800000000)
  eden space 73216K, 78% used [0x00000007aab00000,0x00000007ae36aa90,0x00000007af280000)
  from space 46080K, 89% used [0x00000007af280000,0x00000007b1ac3b28,0x00000007b1f80000)
  to   space 51200K, 0% used [0x00000007b2c00000,0x00000007b2c00000,0x00000007b5e00000)
 ParOldGen       total 279040K, used 218525K [0x0000000700000000, 0x0000000711080000, 0x00000007aab00000)
  object space 279040K, 78% used [0x0000000700000000,0x000000070d5676d8,0x0000000711080000)
 Metaspace       used 116612K, committed 118528K, reserved 557056K
  class space    used 16277K, committed 17152K, reserved 425984K
GC Heap History (20 events):
Event: 72.474 GC heap before
{Heap before GC invocations=60 (full 5):
 PSYoungGen      total 81920K, used 69435K [0x00000007aab00000, 0x00000007b1980000, 0x0000000800000000)
  eden space 56320K, 99% used [0x00000007aab00000,0x00000007ae1e09a0,0x00000007ae200000)
  from space 25600K, 51% used [0x00000007ae200000,0x00000007aeeee5e8,0x00000007afb00000)
  to   space 25088K, 0% used [0x00000007b0100000,0x00000007b0100000,0x00000007b1980000)
 ParOldGen       total 279040K, used 193459K [0x0000000700000000, 0x0000000711080000, 0x00000007aab00000)
  object space 279040K, 69% used [0x0000000700000000,0x000000070bcecf90,0x0000000711080000)
 Metaspace       used 108117K, committed 109760K, reserved 557056K
  class space    used 15092K, committed 15808K, reserved 425984K
}
Event: 72.483 GC heap after
{Heap after GC invocations=60 (full 5):
 PSYoungGen      total 87040K, used 16465K [0x00000007aab00000, 0x00000007b1b00000, 0x0000000800000000)
  eden space 61952K, 0% used [0x00000007aab00000,0x00000007aab00000,0x00000007ae780000)
  from space 25088K, 65% used [0x00000007b0100000,0x00000007b11145f0,0x00000007b1980000)
  to   space 26112K, 0% used [0x00000007ae780000,0x00000007ae780000,0x00000007b0100000)
 ParOldGen       total 279040K, used 193787K [0x0000000700000000, 0x0000000711080000, 0x00000007aab00000)
  object space 279040K, 69% used [0x0000000700000000,0x000000070bd3ef90,0x0000000711080000)
 Metaspace       used 108117K, committed 109760K, reserved 557056K
  class space    used 15092K, committed 15808K, reserved 425984K
}
Event: 73.648 GC heap before
{Heap before GC invocations=61 (full 5):
 PSYoungGen      total 87040K, used 78417K [0x00000007aab00000, 0x00000007b1b00000, 0x0000000800000000)
  eden space 61952K, 100% used [0x00000007aab00000,0x00000007ae780000,0x00000007ae780000)
  from space 25088K, 65% used [0x00000007b0100000,0x00000007b11145f0,0x00000007b1980000)
  to   space 26112K, 0% used [0x00000007ae780000,0x00000007ae780000,0x00000007b0100000)
 ParOldGen       total 279040K, used 193787K [0x0000000700000000, 0x0000000711080000, 0x00000007aab00000)
  object space 279040K, 69% used [0x0000000700000000,0x000000070bd3ef90,0x0000000711080000)
 Metaspace       used 108238K, committed 109888K, reserved 557056K
  class space    used 15110K, committed 15872K, reserved 425984K
}
Event: 73.661 GC heap after
{Heap after GC invocations=61 (full 5):
 PSYoungGen      total 88064K, used 10874K [0x00000007aab00000, 0x00000007b1d80000, 0x0000000800000000)
  eden space 61952K, 0% used [0x00000007aab00000,0x00000007aab00000,0x00000007ae780000)
  from space 26112K, 41% used [0x00000007ae780000,0x00000007af21eb70,0x00000007b0100000)
  to   space 24576K, 0% used [0x00000007b0580000,0x00000007b0580000,0x00000007b1d80000)
 ParOldGen       total 279040K, used 203599K [0x0000000700000000, 0x0000000711080000, 0x00000007aab00000)
  object space 279040K, 72% used [0x0000000700000000,0x000000070c6d3f58,0x0000000711080000)
 Metaspace       used 108238K, committed 109888K, reserved 557056K
  class space    used 15110K, committed 15872K, reserved 425984K
}
Event: 74.402 GC heap before
{Heap before GC invocations=62 (full 5):
 PSYoungGen      total 88064K, used 72826K [0x00000007aab00000, 0x00000007b1d80000, 0x0000000800000000)
  eden space 61952K, 100% used [0x00000007aab00000,0x00000007ae780000,0x00000007ae780000)
  from space 26112K, 41% used [0x00000007ae780000,0x00000007af21eb70,0x00000007b0100000)
  to   space 24576K, 0% used [0x00000007b0580000,0x00000007b0580000,0x00000007b1d80000)
 ParOldGen       total 279040K, used 203599K [0x0000000700000000, 0x0000000711080000, 0x00000007aab00000)
  object space 279040K, 72% used [0x0000000700000000,0x000000070c6d3f58,0x0000000711080000)
 Metaspace       used 108238K, committed 109888K, reserved 557056K
  class space    used 15110K, committed 15872K, reserved 425984K
}
Event: 74.411 GC heap after
{Heap after GC invocations=62 (full 5):
 PSYoungGen      total 90624K, used 11812K [0x00000007aab00000, 0x00000007b1b80000, 0x0000000800000000)
  eden space 68096K, 0% used [0x00000007aab00000,0x00000007aab00000,0x00000007aed80000)
  from space 22528K, 52% used [0x00000007b0580000,0x00000007b11092e8,0x00000007b1b80000)
  to   space 23552K, 0% used [0x00000007aed80000,0x00000007aed80000,0x00000007b0480000)
 ParOldGen       total 279040K, used 203599K [0x0000000700000000, 0x0000000711080000, 0x00000007aab00000)
  object space 279040K, 72% used [0x0000000700000000,0x000000070c6d3f58,0x0000000711080000)
 Metaspace       used 108238K, committed 109888K, reserved 557056K
  class space    used 15110K, committed 15872K, reserved 425984K
}
Event: 76.290 GC heap before
{Heap before GC invocations=63 (full 5):
 PSYoungGen      total 90624K, used 79908K [0x00000007aab00000, 0x00000007b1b80000, 0x0000000800000000)
  eden space 68096K, 100% used [0x00000007aab00000,0x00000007aed80000,0x00000007aed80000)
  from space 22528K, 52% used [0x00000007b0580000,0x00000007b11092e8,0x00000007b1b80000)
  to   space 23552K, 0% used [0x00000007aed80000,0x00000007aed80000,0x00000007b0480000)
 ParOldGen       total 279040K, used 203599K [0x0000000700000000, 0x0000000711080000, 0x00000007aab00000)
  object space 279040K, 72% used [0x0000000700000000,0x000000070c6d3f58,0x0000000711080000)
 Metaspace       used 108448K, committed 110080K, reserved 557056K
  class space    used 15138K, committed 15872K, reserved 425984K
}
Event: 76.305 GC heap after
{Heap after GC invocations=63 (full 5):
 PSYoungGen      total 91648K, used 21025K [0x00000007aab00000, 0x00000007b2580000, 0x0000000800000000)
  eden space 68096K, 0% used [0x00000007aab00000,0x00000007aab00000,0x00000007aed80000)
  from space 23552K, 89% used [0x00000007aed80000,0x00000007b0208688,0x00000007b0480000)
  to   space 25600K, 0% used [0x00000007b0c80000,0x00000007b0c80000,0x00000007b2580000)
 ParOldGen       total 279040K, used 203607K [0x0000000700000000, 0x0000000711080000, 0x00000007aab00000)
  object space 279040K, 72% used [0x0000000700000000,0x000000070c6d5f58,0x0000000711080000)
 Metaspace       used 108448K, committed 110080K, reserved 557056K
  class space    used 15138K, committed 15872K, reserved 425984K
}
Event: 77.125 GC heap before
{Heap before GC invocations=64 (full 5):
 PSYoungGen      total 91648K, used 89121K [0x00000007aab00000, 0x00000007b2580000, 0x0000000800000000)
  eden space 68096K, 100% used [0x00000007aab00000,0x00000007aed80000,0x00000007aed80000)
  from space 23552K, 89% used [0x00000007aed80000,0x00000007b0208688,0x00000007b0480000)
  to   space 25600K, 0% used [0x00000007b0c80000,0x00000007b0c80000,0x00000007b2580000)
 ParOldGen       total 279040K, used 203607K [0x0000000700000000, 0x0000000711080000, 0x00000007aab00000)
  object space 279040K, 72% used [0x0000000700000000,0x000000070c6d5f58,0x0000000711080000)
 Metaspace       used 108463K, committed 110144K, reserved 557056K
  class space    used 15141K, committed 15936K, reserved 425984K
}
Event: 77.140 GC heap after
{Heap after GC invocations=64 (full 5):
 PSYoungGen      total 97280K, used 22229K [0x00000007aab00000, 0x00000007b2a80000, 0x0000000800000000)
  eden space 71680K, 0% used [0x00000007aab00000,0x00000007aab00000,0x00000007af100000)
  from space 25600K, 86% used [0x00000007b0c80000,0x00000007b22356e8,0x00000007b2580000)
  to   space 28160K, 0% used [0x00000007af100000,0x00000007af100000,0x00000007b0c80000)
 ParOldGen       total 279040K, used 203607K [0x0000000700000000, 0x0000000711080000, 0x00000007aab00000)
  object space 279040K, 72% used [0x0000000700000000,0x000000070c6d5f58,0x0000000711080000)
 Metaspace       used 108463K, committed 110144K, reserved 557056K
  class space    used 15141K, committed 15936K, reserved 425984K
}
Event: 78.116 GC heap before
{Heap before GC invocations=65 (full 5):
 PSYoungGen      total 97280K, used 93909K [0x00000007aab00000, 0x00000007b2a80000, 0x0000000800000000)
  eden space 71680K, 100% used [0x00000007aab00000,0x00000007af100000,0x00000007af100000)
  from space 25600K, 86% used [0x00000007b0c80000,0x00000007b22356e8,0x00000007b2580000)
  to   space 28160K, 0% used [0x00000007af100000,0x00000007af100000,0x00000007b0c80000)
 ParOldGen       total 279040K, used 203607K [0x0000000700000000, 0x0000000711080000, 0x00000007aab00000)
  object space 279040K, 72% used [0x0000000700000000,0x000000070c6d5f58,0x0000000711080000)
 Metaspace       used 108492K, committed 110208K, reserved 557056K
  class space    used 15143K, committed 15936K, reserved 425984K
}
Event: 78.130 GC heap after
{Heap after GC invocations=65 (full 5):
 PSYoungGen      total 99840K, used 24842K [0x00000007aab00000, 0x00000007b3480000, 0x0000000800000000)
  eden space 71680K, 0% used [0x00000007aab00000,0x00000007aab00000,0x00000007af100000)
  from space 28160K, 88% used [0x00000007af100000,0x00000007b0942828,0x00000007b0c80000)
  to   space 31232K, 0% used [0x00000007b1600000,0x00000007b1600000,0x00000007b3480000)
 ParOldGen       total 279040K, used 203607K [0x0000000700000000, 0x0000000711080000, 0x00000007aab00000)
  object space 279040K, 72% used [0x0000000700000000,0x000000070c6d5f58,0x0000000711080000)
 Metaspace       used 108492K, committed 110208K, reserved 557056K
  class space    used 15143K, committed 15936K, reserved 425984K
}
Event: 79.980 GC heap before
{Heap before GC invocations=66 (full 5):
 PSYoungGen      total 99840K, used 96522K [0x00000007aab00000, 0x00000007b3480000, 0x0000000800000000)
  eden space 71680K, 100% used [0x00000007aab00000,0x00000007af100000,0x00000007af100000)
  from space 28160K, 88% used [0x00000007af100000,0x00000007b0942828,0x00000007b0c80000)
  to   space 31232K, 0% used [0x00000007b1600000,0x00000007b1600000,0x00000007b3480000)
 ParOldGen       total 279040K, used 203607K [0x0000000700000000, 0x0000000711080000, 0x00000007aab00000)
  object space 279040K, 72% used [0x0000000700000000,0x000000070c6d5f58,0x0000000711080000)
 Metaspace       used 109183K, committed 110976K, reserved 557056K
  class space    used 15235K, committed 16064K, reserved 425984K
}
Event: 80.008 GC heap after
{Heap after GC invocations=66 (full 5):
 PSYoungGen      total 102400K, used 31215K [0x00000007aab00000, 0x00000007b4280000, 0x0000000800000000)
  eden space 71168K, 0% used [0x00000007aab00000,0x00000007aab00000,0x00000007af080000)
  from space 31232K, 99% used [0x00000007b1600000,0x00000007b347be78,0x00000007b3480000)
  to   space 38400K, 0% used [0x00000007af080000,0x00000007af080000,0x00000007b1600000)
 ParOldGen       total 279040K, used 211871K [0x0000000700000000, 0x0000000711080000, 0x00000007aab00000)
  object space 279040K, 75% used [0x0000000700000000,0x000000070cee7dc0,0x0000000711080000)
 Metaspace       used 109183K, committed 110976K, reserved 557056K
  class space    used 15235K, committed 16064K, reserved 425984K
}
Event: 80.772 GC heap before
{Heap before GC invocations=67 (full 5):
 PSYoungGen      total 102400K, used 102383K [0x00000007aab00000, 0x00000007b4280000, 0x0000000800000000)
  eden space 71168K, 100% used [0x00000007aab00000,0x00000007af080000,0x00000007af080000)
  from space 31232K, 99% used [0x00000007b1600000,0x00000007b347be78,0x00000007b3480000)
  to   space 38400K, 0% used [0x00000007af080000,0x00000007af080000,0x00000007b1600000)
 ParOldGen       total 279040K, used 211871K [0x0000000700000000, 0x0000000711080000, 0x00000007aab00000)
  object space 279040K, 75% used [0x0000000700000000,0x000000070cee7dc0,0x0000000711080000)
 Metaspace       used 109184K, committed 110976K, reserved 557056K
  class space    used 15235K, committed 16064K, reserved 425984K
}
Event: 80.793 GC heap after
{Heap after GC invocations=67 (full 5):
 PSYoungGen      total 109568K, used 29216K [0x00000007aab00000, 0x00000007b4780000, 0x0000000800000000)
  eden space 71168K, 0% used [0x00000007aab00000,0x00000007aab00000,0x00000007af080000)
  from space 38400K, 76% used [0x00000007af080000,0x00000007b0d081a8,0x00000007b1600000)
  to   space 40960K, 0% used [0x00000007b1f80000,0x00000007b1f80000,0x00000007b4780000)
 ParOldGen       total 279040K, used 215168K [0x0000000700000000, 0x0000000711080000, 0x00000007aab00000)
  object space 279040K, 77% used [0x0000000700000000,0x000000070d220218,0x0000000711080000)
 Metaspace       used 109184K, committed 110976K, reserved 557056K
  class space    used 15235K, committed 16064K, reserved 425984K
}
Event: 82.149 GC heap before
{Heap before GC invocations=68 (full 5):
 PSYoungGen      total 109568K, used 100384K [0x00000007aab00000, 0x00000007b4780000, 0x0000000800000000)
  eden space 71168K, 100% used [0x00000007aab00000,0x00000007af080000,0x00000007af080000)
  from space 38400K, 76% used [0x00000007af080000,0x00000007b0d081a8,0x00000007b1600000)
  to   space 40960K, 0% used [0x00000007b1f80000,0x00000007b1f80000,0x00000007b4780000)
 ParOldGen       total 279040K, used 215168K [0x0000000700000000, 0x0000000711080000, 0x00000007aab00000)
  object space 279040K, 77% used [0x0000000700000000,0x000000070d220218,0x0000000711080000)
 Metaspace       used 109974K, committed 111936K, reserved 557056K
  class space    used 15377K, committed 16256K, reserved 425984K
}
Event: 82.180 GC heap after
{Heap after GC invocations=68 (full 5):
 PSYoungGen      total 114176K, used 37740K [0x00000007aab00000, 0x00000007b5200000, 0x0000000800000000)
  eden space 73216K, 0% used [0x00000007aab00000,0x00000007aab00000,0x00000007af280000)
  from space 40960K, 92% used [0x00000007b1f80000,0x00000007b445b258,0x00000007b4780000)
  to   space 46080K, 0% used [0x00000007af280000,0x00000007af280000,0x00000007b1f80000)
 ParOldGen       total 279040K, used 218125K [0x0000000700000000, 0x0000000711080000, 0x00000007aab00000)
  object space 279040K, 78% used [0x0000000700000000,0x000000070d5036d8,0x0000000711080000)
 Metaspace       used 109974K, committed 111936K, reserved 557056K
  class space    used 15377K, committed 16256K, reserved 425984K
}
Event: 83.778 GC heap before
{Heap before GC invocations=69 (full 5):
 PSYoungGen      total 114176K, used 110956K [0x00000007aab00000, 0x00000007b5200000, 0x0000000800000000)
  eden space 73216K, 100% used [0x00000007aab00000,0x00000007af280000,0x00000007af280000)
  from space 40960K, 92% used [0x00000007b1f80000,0x00000007b445b258,0x00000007b4780000)
  to   space 46080K, 0% used [0x00000007af280000,0x00000007af280000,0x00000007b1f80000)
 ParOldGen       total 279040K, used 218125K [0x0000000700000000, 0x0000000711080000, 0x00000007aab00000)
  object space 279040K, 78% used [0x0000000700000000,0x000000070d5036d8,0x0000000711080000)
 Metaspace       used 114707K, committed 116608K, reserved 557056K
  class space    used 16060K, committed 16896K, reserved 425984K
}
Event: 83.803 GC heap after
{Heap after GC invocations=69 (full 5):
 PSYoungGen      total 119296K, used 41230K [0x00000007aab00000, 0x00000007b5e00000, 0x0000000800000000)
  eden space 73216K, 0% used [0x00000007aab00000,0x00000007aab00000,0x00000007af280000)
  from space 46080K, 89% used [0x00000007af280000,0x00000007b1ac3b28,0x00000007b1f80000)
  to   space 51200K, 0% used [0x00000007b2c00000,0x00000007b2c00000,0x00000007b5e00000)
 ParOldGen       total 279040K, used 218525K [0x0000000700000000, 0x0000000711080000, 0x00000007aab00000)
  object space 279040K, 78% used [0x0000000700000000,0x000000070d5676d8,0x0000000711080000)
 Metaspace       used 114707K, committed 116608K, reserved 557056K
  class space    used 16060K, committed 16896K, reserved 425984K
}

